<?xml version="1.0" encoding="UTF-8"?>
<!-- Generated by org.testng.reporters.JUnitReportReporter -->
<testsuite hostname="JHANSI-PC" name="TimeAndDate.SystemTimeAndDate" tests="1" failures="0" timestamp="30 Jul 2019 09:13:33 GMT" time="0.023" errors="0">
  <testcase name="sysTime" time="0.023" classname="TimeAndDate.SystemTimeAndDate"/>
</testsuite> <!-- TimeAndDate.SystemTimeAndDate -->
